[debug] [2022-04-23T23:03:04.419Z] ----------------------------------------------------------------------
[debug] [2022-04-23T23:03:04.421Z] Command:       /Users/jeyhunafandiyev/.nvm/versions/node/v16.13.1/bin/node /Users/jeyhunafandiyev/.nvm/versions/node/v16.13.1/bin/firebase init
[debug] [2022-04-23T23:03:04.422Z] CLI Version:   10.7.1
[debug] [2022-04-23T23:03:04.422Z] Platform:      darwin
[debug] [2022-04-23T23:03:04.422Z] Node Version:  v16.13.1
[debug] [2022-04-23T23:03:04.432Z] Time:          Sun Apr 24 2022 01:03:04 GMT+0200 (Central European Summer Time)
[debug] [2022-04-23T23:03:04.432Z] ----------------------------------------------------------------------
[debug] 
[debug] [2022-04-23T23:03:04.487Z] > command requires scopes: ["email","openid","https://www.googleapis.com/auth/cloudplatformprojects.readonly","https://www.googleapis.com/auth/firebase","https://www.googleapis.com/auth/cloud-platform"]
[debug] [2022-04-23T23:03:04.487Z] > authorizing via signed-in user (jey.afandiyev@gmail.com)
[info] 
     ######## #### ########  ######## ########     ###     ######  ########
     ##        ##  ##     ## ##       ##     ##  ##   ##  ##       ##
     ######    ##  ########  ######   ########  #########  ######  ######
     ##        ##  ##    ##  ##       ##     ## ##     ##       ## ##
     ##       #### ##     ## ######## ########  ##     ##  ######  ########

You're about to initialize a Firebase project in this directory:

  /Users/jeyhunafandiyev/Desktop/amazon/amazon-clone/amazon

Before we get started, keep in mind:

  * You are initializing within an existing Firebase project directory

[info] 
=== Project Setup
[info] 
[info] First, let's associate this project directory with a Firebase project.
[info] You can create multiple project aliases by running firebase use --add, 
[info] but for now we'll just set up a default project.
[info] 
[debug] [2022-04-23T23:03:23.175Z] Using project from CLI flag: challenge-4b2b2
[debug] [2022-04-23T23:03:23.176Z] > refreshing access token with scopes: []
[debug] [2022-04-23T23:03:23.177Z] >>> HTTP REQUEST POST https://www.googleapis.com/oauth2/v3/token  
 <request body omitted>
[debug] [2022-04-23T23:03:23.332Z] <<< HTTP RESPONSE 200 {"cache-control":"no-cache, no-store, max-age=0, must-revalidate","expires":"Mon, 01 Jan 1990 00:00:00 GMT","date":"Sat, 23 Apr 2022 23:03:23 GMT","pragma":"no-cache","content-type":"application/json; charset=utf-8","vary":"X-Origin, Referer, Origin,Accept-Encoding","server":"scaffolding on HTTPServer2","x-xss-protection":"0","x-frame-options":"SAMEORIGIN","x-content-type-options":"nosniff","alt-svc":"h3=\":443\"; ma=2592000,h3-29=\":443\"; ma=2592000,h3-Q050=\":443\"; ma=2592000,h3-Q046=\":443\"; ma=2592000,h3-Q043=\":443\"; ma=2592000,quic=\":443\"; ma=2592000; v=\"46,43\"","accept-ranges":"none","transfer-encoding":"chunked"}
[debug] [2022-04-23T23:03:23.390Z] >>> [apiv2][query] GET https://firebase.googleapis.com/v1beta1/projects/challenge-4b2b2 [none]
[debug] [2022-04-23T23:03:23.694Z] <<< [apiv2][status] GET https://firebase.googleapis.com/v1beta1/projects/challenge-4b2b2 403
[debug] [2022-04-23T23:03:23.694Z] <<< [apiv2][body] GET https://firebase.googleapis.com/v1beta1/projects/challenge-4b2b2 {"error":{"code":403,"message":"The caller does not have permission","status":"PERMISSION_DENIED"}}
[debug] [2022-04-23T23:03:23.695Z] HTTP Error: 403, The caller does not have permission
[debug] [2022-04-23T23:03:23.809Z] FirebaseError: HTTP Error: 403, The caller does not have permission
    at module.exports (/Users/jeyhunafandiyev/.nvm/versions/node/v16.13.1/lib/node_modules/firebase-tools/lib/responseToError.js:47:12)
    at RetryOperation._fn (/Users/jeyhunafandiyev/.nvm/versions/node/v16.13.1/lib/node_modules/firebase-tools/lib/apiv2.js:286:39)
    at processTicksAndRejections (node:internal/process/task_queues:96:5)
[error] 
[error] Error: Failed to get Firebase project challenge-4b2b2. Please make sure the project exists and your account has permission to access it.
